<?xml version="1.0" encoding="UTF-8"?>
<!-- Generated by org.testng.reporters.JUnitReportReporter -->
<testsuite hostname="CLMC02SH12YG8WM" failures="0" tests="1" name="SPRCOM_92080_iOS_LoginAO.SPRCOM_106900_iOS_AO_Login" time="11.162" errors="0" timestamp="24 Sep 2019 21:43:13 GMT" skipped="0">
  <testcase classname="SPRCOM_92080_iOS_LoginAO.SPRCOM_106900_iOS_AO_Login" name="SPRCOM_106904" time="11.162"/>
</testsuite> <!-- SPRCOM_92080_iOS_LoginAO.SPRCOM_106900_iOS_AO_Login -->
