<?xml version="1.0" encoding="UTF-8"?>
<!-- Generated by org.testng.reporters.JUnitReportReporter -->
<testsuite hostname="CLMC02SH12YG8WM" failures="0" tests="1" name="SPRCOM_92080_iOS_LoginAO.SPRCOM_106900_iOS_ENV_MDN" time="11.855" errors="0" timestamp="24 Sep 2019 21:43:13 GMT" skipped="0">
  <testcase classname="SPRCOM_92080_iOS_LoginAO.SPRCOM_106900_iOS_ENV_MDN" name="SPRCOM_106902" time="11.855"/>
</testsuite> <!-- SPRCOM_92080_iOS_LoginAO.SPRCOM_106900_iOS_ENV_MDN -->
